
Attaching package: ‘dbscan’

The following object is masked from ‘package:stats’:

    as.dendrogram

Reading file: ../norm_test/STRs_normalized_residuals.tsv 
Total STRs: 38429 
Processing STR 100 of 38429 
Processing STR 200 of 38429 
Processing STR 300 of 38429 
Processing STR 400 of 38429 
Processing STR 500 of 38429 
Processing STR 600 of 38429 
Processing STR 700 of 38429 
Processing STR 800 of 38429 
Processing STR 900 of 38429 
Processing STR 1000 of 38429 
Processing STR 1100 of 38429 
Processing STR 1200 of 38429 
Processing STR 1300 of 38429 
Processing STR 1400 of 38429 
Processing STR 1500 of 38429 
Processing STR 1600 of 38429 
Processing STR 1700 of 38429 
Processing STR 1800 of 38429 
Processing STR 1900 of 38429 
Processing STR 2000 of 38429 
Processing STR 2100 of 38429 
Processing STR 2200 of 38429 
Processing STR 2300 of 38429 
Processing STR 2400 of 38429 
Processing STR 2500 of 38429 
Processing STR 2600 of 38429 
Processing STR 2700 of 38429 
Processing STR 2800 of 38429 
Processing STR 2900 of 38429 
Processing STR 3000 of 38429 
Processing STR 3100 of 38429 
Processing STR 3200 of 38429 
Processing STR 3300 of 38429 
Processing STR 3400 of 38429 
Processing STR 3500 of 38429 
Processing STR 3600 of 38429 
Processing STR 3700 of 38429 
Processing STR 3800 of 38429 
Processing STR 3900 of 38429 
Processing STR 4000 of 38429 
Processing STR 4100 of 38429 
Processing STR 4200 of 38429 
Processing STR 4300 of 38429 
Processing STR 4400 of 38429 
Processing STR 4500 of 38429 
Processing STR 4600 of 38429 
Processing STR 4700 of 38429 
Processing STR 4800 of 38429 
Processing STR 4900 of 38429 
Processing STR 5000 of 38429 
Processing STR 5100 of 38429 
Processing STR 5200 of 38429 
Processing STR 5300 of 38429 
Processing STR 5400 of 38429 
Processing STR 5500 of 38429 
Processing STR 5600 of 38429 
Processing STR 5700 of 38429 
Processing STR 5800 of 38429 
Processing STR 5900 of 38429 
Processing STR 6000 of 38429 
Processing STR 6100 of 38429 
Processing STR 6200 of 38429 
Processing STR 6300 of 38429 
Processing STR 6400 of 38429 
Processing STR 6500 of 38429 
Processing STR 6600 of 38429 
Processing STR 6700 of 38429 
Processing STR 6800 of 38429 
Processing STR 6900 of 38429 
Processing STR 7000 of 38429 
Processing STR 7100 of 38429 
Processing STR 7200 of 38429 
Processing STR 7300 of 38429 
Processing STR 7400 of 38429 
Processing STR 7500 of 38429 
Processing STR 7600 of 38429 
Processing STR 7700 of 38429 
Processing STR 7800 of 38429 
Processing STR 7900 of 38429 
Processing STR 8000 of 38429 
Processing STR 8100 of 38429 
Processing STR 8200 of 38429 
Processing STR 8300 of 38429 
Processing STR 8400 of 38429 
Processing STR 8500 of 38429 
Processing STR 8600 of 38429 
Processing STR 8700 of 38429 
Processing STR 8800 of 38429 
Processing STR 8900 of 38429 
Processing STR 9000 of 38429 
Processing STR 9100 of 38429 
Processing STR 9200 of 38429 
Processing STR 9300 of 38429 
Processing STR 9400 of 38429 
Processing STR 9500 of 38429 
Processing STR 9600 of 38429 
Processing STR 9700 of 38429 
Processing STR 9800 of 38429 
Processing STR 9900 of 38429 
Processing STR 10000 of 38429 
Processing STR 10100 of 38429 
Processing STR 10200 of 38429 
Processing STR 10300 of 38429 
Processing STR 10400 of 38429 
Processing STR 10500 of 38429 
Processing STR 10600 of 38429 
Processing STR 10700 of 38429 
Processing STR 10800 of 38429 
Processing STR 10900 of 38429 
Processing STR 11000 of 38429 
Processing STR 11100 of 38429 
Processing STR 11200 of 38429 
Processing STR 11300 of 38429 
Processing STR 11400 of 38429 
Processing STR 11500 of 38429 
Processing STR 11600 of 38429 
Processing STR 11700 of 38429 
Processing STR 11800 of 38429 
Processing STR 11900 of 38429 
Processing STR 12000 of 38429 
Processing STR 12100 of 38429 
Processing STR 12200 of 38429 
Processing STR 12300 of 38429 
Processing STR 12400 of 38429 
Processing STR 12500 of 38429 
Processing STR 12600 of 38429 
Processing STR 12700 of 38429 
Processing STR 12800 of 38429 
Processing STR 12900 of 38429 
Processing STR 13000 of 38429 
Processing STR 13100 of 38429 
Processing STR 13200 of 38429 
Processing STR 13300 of 38429 
Processing STR 13400 of 38429 
Processing STR 13500 of 38429 
Processing STR 13600 of 38429 
Processing STR 13700 of 38429 
Processing STR 13800 of 38429 
Processing STR 13900 of 38429 
Processing STR 14000 of 38429 
Processing STR 14100 of 38429 
Processing STR 14200 of 38429 
Processing STR 14300 of 38429 
Processing STR 14400 of 38429 
Processing STR 14500 of 38429 
Processing STR 14600 of 38429 
Processing STR 14700 of 38429 
Processing STR 14800 of 38429 
Processing STR 14900 of 38429 
Processing STR 15000 of 38429 
Processing STR 15100 of 38429 
Processing STR 15200 of 38429 
Processing STR 15300 of 38429 
Processing STR 15400 of 38429 
Processing STR 15500 of 38429 
Processing STR 15600 of 38429 
Processing STR 15700 of 38429 
Processing STR 15800 of 38429 
Processing STR 15900 of 38429 
Processing STR 16000 of 38429 
Processing STR 16100 of 38429 
Processing STR 16200 of 38429 
Processing STR 16300 of 38429 
Processing STR 16400 of 38429 
Processing STR 16500 of 38429 
Processing STR 16600 of 38429 
Processing STR 16700 of 38429 
Processing STR 16800 of 38429 
Processing STR 16900 of 38429 
Processing STR 17000 of 38429 
Processing STR 17100 of 38429 
Processing STR 17200 of 38429 
Processing STR 17300 of 38429 
Processing STR 17400 of 38429 
Processing STR 17500 of 38429 
Processing STR 17600 of 38429 
Processing STR 17700 of 38429 
Processing STR 17800 of 38429 
Processing STR 17900 of 38429 
Processing STR 18000 of 38429 
Processing STR 18100 of 38429 
Processing STR 18200 of 38429 
Processing STR 18300 of 38429 
Processing STR 18400 of 38429 
Processing STR 18500 of 38429 
Processing STR 18600 of 38429 
Processing STR 18700 of 38429 
Processing STR 18800 of 38429 
Processing STR 18900 of 38429 
Processing STR 19000 of 38429 
Processing STR 19100 of 38429 
Processing STR 19200 of 38429 
Processing STR 19300 of 38429 
Processing STR 19400 of 38429 
Processing STR 19500 of 38429 
Processing STR 19600 of 38429 
Processing STR 19700 of 38429 
Processing STR 19800 of 38429 
Processing STR 19900 of 38429 
Processing STR 20000 of 38429 
Processing STR 20100 of 38429 
Processing STR 20200 of 38429 
Processing STR 20300 of 38429 
Processing STR 20400 of 38429 
Processing STR 20500 of 38429 
Processing STR 20600 of 38429 
Processing STR 20700 of 38429 
Processing STR 20800 of 38429 
Processing STR 20900 of 38429 
Processing STR 21000 of 38429 
Processing STR 21100 of 38429 
Processing STR 21200 of 38429 
Processing STR 21300 of 38429 
Processing STR 21400 of 38429 
Processing STR 21500 of 38429 
Processing STR 21600 of 38429 
Processing STR 21700 of 38429 
Processing STR 21800 of 38429 
Processing STR 21900 of 38429 
Processing STR 22000 of 38429 
Processing STR 22100 of 38429 
Processing STR 22200 of 38429 
Processing STR 22300 of 38429 
Processing STR 22400 of 38429 
Processing STR 22500 of 38429 
Processing STR 22600 of 38429 
Processing STR 22700 of 38429 
Processing STR 22800 of 38429 
Processing STR 22900 of 38429 
Processing STR 23000 of 38429 
Processing STR 23100 of 38429 
Processing STR 23200 of 38429 
Processing STR 23300 of 38429 
Processing STR 23400 of 38429 
Processing STR 23500 of 38429 
Processing STR 23600 of 38429 
Processing STR 23700 of 38429 
Processing STR 23800 of 38429 
Processing STR 23900 of 38429 
Processing STR 24000 of 38429 
Processing STR 24100 of 38429 
Processing STR 24200 of 38429 
Processing STR 24300 of 38429 
Processing STR 24400 of 38429 
Processing STR 24500 of 38429 
Processing STR 24600 of 38429 
Processing STR 24700 of 38429 
Processing STR 24800 of 38429 
Processing STR 24900 of 38429 
Processing STR 25000 of 38429 
Processing STR 25100 of 38429 
Processing STR 25200 of 38429 
Processing STR 25300 of 38429 
Processing STR 25400 of 38429 
Processing STR 25500 of 38429 
Processing STR 25600 of 38429 
Processing STR 25700 of 38429 
Processing STR 25800 of 38429 
Processing STR 25900 of 38429 
Processing STR 26000 of 38429 
Processing STR 26100 of 38429 
Processing STR 26200 of 38429 
Processing STR 26300 of 38429 
Processing STR 26400 of 38429 
Processing STR 26500 of 38429 
Processing STR 26600 of 38429 
Processing STR 26700 of 38429 
Processing STR 26800 of 38429 
Processing STR 26900 of 38429 
Processing STR 27000 of 38429 
Processing STR 27100 of 38429 
Processing STR 27200 of 38429 
Processing STR 27300 of 38429 
Processing STR 27400 of 38429 
Processing STR 27500 of 38429 
Processing STR 27600 of 38429 
Processing STR 27700 of 38429 
Processing STR 27800 of 38429 
Processing STR 27900 of 38429 
Processing STR 28000 of 38429 
Processing STR 28100 of 38429 
Processing STR 28200 of 38429 
Processing STR 28300 of 38429 
Processing STR 28400 of 38429 
Processing STR 28500 of 38429 
Processing STR 28600 of 38429 
Processing STR 28700 of 38429 
Processing STR 28800 of 38429 
Processing STR 28900 of 38429 
Processing STR 29000 of 38429 
Processing STR 29100 of 38429 
Processing STR 29200 of 38429 
Processing STR 29300 of 38429 
Processing STR 29400 of 38429 
Processing STR 29500 of 38429 
Processing STR 29600 of 38429 
Processing STR 29700 of 38429 
Processing STR 29800 of 38429 
Processing STR 29900 of 38429 
Processing STR 30000 of 38429 
Processing STR 30100 of 38429 
Processing STR 30200 of 38429 
Processing STR 30300 of 38429 
Processing STR 30400 of 38429 
Processing STR 30500 of 38429 
Processing STR 30600 of 38429 
Processing STR 30700 of 38429 
Processing STR 30800 of 38429 
Processing STR 30900 of 38429 
Processing STR 31000 of 38429 
Processing STR 31100 of 38429 
Processing STR 31200 of 38429 
Processing STR 31300 of 38429 
Processing STR 31400 of 38429 
Processing STR 31500 of 38429 
Processing STR 31600 of 38429 
Processing STR 31700 of 38429 
Processing STR 31800 of 38429 
Processing STR 31900 of 38429 
Processing STR 32000 of 38429 
Processing STR 32100 of 38429 
Processing STR 32200 of 38429 
Processing STR 32300 of 38429 
Processing STR 32400 of 38429 
Processing STR 32500 of 38429 
Processing STR 32600 of 38429 
Processing STR 32700 of 38429 
Processing STR 32800 of 38429 
Processing STR 32900 of 38429 
Processing STR 33000 of 38429 
Processing STR 33100 of 38429 
Processing STR 33200 of 38429 
Processing STR 33300 of 38429 
Processing STR 33400 of 38429 
Processing STR 33500 of 38429 
Processing STR 33600 of 38429 
Processing STR 33700 of 38429 
Processing STR 33800 of 38429 
Processing STR 33900 of 38429 
Processing STR 34000 of 38429 
Processing STR 34100 of 38429 
Processing STR 34200 of 38429 
Processing STR 34300 of 38429 
Processing STR 34400 of 38429 
Processing STR 34500 of 38429 
Processing STR 34600 of 38429 
Processing STR 34700 of 38429 
Processing STR 34800 of 38429 
Processing STR 34900 of 38429 
Processing STR 35000 of 38429 
Processing STR 35100 of 38429 
Processing STR 35200 of 38429 
Processing STR 35300 of 38429 
Processing STR 35400 of 38429 
Processing STR 35500 of 38429 
Processing STR 35600 of 38429 
Processing STR 35700 of 38429 
Processing STR 35800 of 38429 
Processing STR 35900 of 38429 
Processing STR 36000 of 38429 
Processing STR 36100 of 38429 
Processing STR 36200 of 38429 
Processing STR 36300 of 38429 
Processing STR 36400 of 38429 
Processing STR 36500 of 38429 
Processing STR 36600 of 38429 
Processing STR 36700 of 38429 
Processing STR 36800 of 38429 
Processing STR 36900 of 38429 
Processing STR 37000 of 38429 
Processing STR 37100 of 38429 
Processing STR 37200 of 38429 
Processing STR 37300 of 38429 
Processing STR 37400 of 38429 
Processing STR 37500 of 38429 
Processing STR 37600 of 38429 
Processing STR 37700 of 38429 
Processing STR 37800 of 38429 
Processing STR 37900 of 38429 
Processing STR 38000 of 38429 
Processing STR 38100 of 38429 
Processing STR 38200 of 38429 
Processing STR 38300 of 38429 
Processing STR 38400 of 38429 
Results saved to: results_dbscan/outliers_per_str.tsv 
